<?xml version="1.0" encoding="UTF-8"?>
<!-- Generated by org.testng.reporters.JUnitReportReporter -->
<testsuite hostname="Sanju" failures="0" tests="1" name="Runner.demo" time="0.004" errors="0" timestamp="2024-01-29T12:25:37 IST" skipped="0">
  <testcase classname="Runner.demo" name="demo1" time="0.004"/>
  <system-out/>
</testsuite> <!-- Runner.demo -->
