<?xml version="1.0" encoding="UTF-8"?>
<!-- Generated by org.testng.reporters.JUnitReportReporter -->
<testsuite hostname="Sanju" failures="0" tests="2" name="Runner.Example8_CampaignTagsRunner3_CallMultipleTags_using_or" time="0.082" errors="0" timestamp="2024-01-29T13:15:40 IST" skipped="0">
  <testcase classname="Runner.Example8_CampaignTagsRunner3_CallMultipleTags_using_or" name="runScenario" time="0.064"/>
  <system-out/>
  <testcase classname="Runner.Example8_CampaignTagsRunner3_CallMultipleTags_using_or" name="runScenario" time="0.018"/>
  <system-out/>
</testsuite> <!-- Runner.Example8_CampaignTagsRunner3_CallMultipleTags_using_or -->
