<?xml version="1.0" encoding="UTF-8"?>
<!-- Generated by org.testng.reporters.JUnitReportReporter -->
<testsuite hostname="Sanju" failures="0" tests="3" name="Runner.Example5_ScenarioOutline1_Runner" time="0.115" errors="0" timestamp="2024-01-29T13:15:26 IST" skipped="0">
  <testcase classname="Runner.Example5_ScenarioOutline1_Runner" name="runScenario" time="0.019"/>
  <system-out/>
  <testcase classname="Runner.Example5_ScenarioOutline1_Runner" name="runScenario" time="0.077"/>
  <system-out/>
  <testcase classname="Runner.Example5_ScenarioOutline1_Runner" name="runScenario" time="0.019"/>
  <system-out/>
</testsuite> <!-- Runner.Example5_ScenarioOutline1_Runner -->
