<?xml version="1.0" encoding="UTF-8"?>
<!-- Generated by org.testng.reporters.JUnitReportReporter -->
<testsuite hostname="Sanju" failures="0" tests="1" name="Runner.CampaignTagsRunner" time="0.065" errors="0" timestamp="2024-01-28T22:01:09 IST" skipped="0">
  <testcase classname="Runner.CampaignTagsRunner" name="runScenario" time="0.065"/>
  <system-out/>
</testsuite> <!-- Runner.CampaignTagsRunner -->
