<?xml version="1.0" encoding="UTF-8"?>
<!-- Generated by org.testng.reporters.JUnitReportReporter -->
<testsuite hostname="Sanju" failures="0" tests="1" name="Runner.Example4_ReportGenerationRunner" time="0.065" errors="0" timestamp="2024-01-29T12:54:35 IST" skipped="0">
  <testcase classname="Runner.Example4_ReportGenerationRunner" name="runScenario" time="0.065"/>
  <system-out/>
</testsuite> <!-- Runner.Example4_ReportGenerationRunner -->
