<?xml version="1.0" encoding="UTF-8"?>
<!-- Generated by org.testng.reporters.JUnitReportReporter -->
<testsuite hostname="Sanju" failures="0" tests="3" name="Runner.RE1_HomePage" time="0.140" errors="3" timestamp="2024-01-29T17:07:52 IST" skipped="0">
  <testcase classname="Runner.RE1_HomePage" name="runScenario" time="0.097">
    <error type="java.lang.NullPointerException">
      <![CDATA[java.lang.NullPointerException
at QA.DriverFactory.initBrowser(DriverFactory.java:14)
at REHooks.AppHooks.launchBrowser(AppHooks.java:20)
]]>
    </error>
  </testcase> <!-- runScenario -->
  <system-out/>
  <testcase classname="Runner.RE1_HomePage" name="runScenario" time="0.027">
    <error type="java.lang.NullPointerException">
      <![CDATA[java.lang.NullPointerException
at QA.DriverFactory.initBrowser(DriverFactory.java:14)
at REHooks.AppHooks.launchBrowser(AppHooks.java:20)
]]>
    </error>
  </testcase> <!-- runScenario -->
  <system-out/>
  <testcase classname="Runner.RE1_HomePage" name="runScenario" time="0.016">
    <error type="java.lang.NullPointerException">
      <![CDATA[java.lang.NullPointerException
at QA.DriverFactory.initBrowser(DriverFactory.java:14)
at REHooks.AppHooks.launchBrowser(AppHooks.java:20)
]]>
    </error>
  </testcase> <!-- runScenario -->
  <system-out/>
</testsuite> <!-- Runner.RE1_HomePage -->
