<?xml version="1.0" encoding="UTF-8"?>
<!-- Generated by org.testng.reporters.JUnitReportReporter -->
<testsuite hostname="Sanju" failures="0" tests="1" name="Runner.Example4_ReportGeneration2_Runner" time="0.066" errors="0" timestamp="2024-01-29T12:55:35 IST" skipped="0">
  <testcase classname="Runner.Example4_ReportGeneration2_Runner" name="runScenario" time="0.066"/>
  <system-out/>
</testsuite> <!-- Runner.Example4_ReportGeneration2_Runner -->
