<?xml version="1.0" encoding="UTF-8"?>
<!-- Generated by org.testng.reporters.JUnitReportReporter -->
<testsuite hostname="Sanju" failures="0" tests="3" name="Runner.AmazoneRunner" time="0.102" errors="0" timestamp="2024-01-29T12:17:40 IST" skipped="0">
  <testcase classname="Runner.AmazoneRunner" name="runScenario" time="0.016"/>
  <system-out/>
  <testcase classname="Runner.AmazoneRunner" name="runScenario" time="0.021"/>
  <system-out/>
  <testcase classname="Runner.AmazoneRunner" name="runScenario" time="0.065"/>
  <system-out/>
</testsuite> <!-- Runner.AmazoneRunner -->
