<?xml version="1.0" encoding="UTF-8"?>
<!-- Generated by org.testng.reporters.JUnitReportReporter -->
<testsuite hostname="Sanju" failures="0" tests="2" name="Runner.CampaignTagsRunner4_CallMultipleTags_using_not" time="0.089" errors="0" timestamp="2024-01-28T22:33:46 IST" skipped="0">
  <testcase classname="Runner.CampaignTagsRunner4_CallMultipleTags_using_not" name="runScenario" time="0.070"/>
  <system-out/>
  <testcase classname="Runner.CampaignTagsRunner4_CallMultipleTags_using_not" name="runScenario" time="0.019"/>
  <system-out/>
</testsuite> <!-- Runner.CampaignTagsRunner4_CallMultipleTags_using_not -->
