<?xml version="1.0" encoding="UTF-8"?>
<!-- Generated by org.testng.reporters.JUnitReportReporter -->
<testsuite hostname="Sanju" failures="0" tests="2" name="Runner.CampaignTagsRunner3_CallMultipleTags_using_or" time="0.078" errors="0" timestamp="2024-01-28T22:22:44 IST" skipped="0">
  <testcase classname="Runner.CampaignTagsRunner3_CallMultipleTags_using_or" name="runScenario" time="0.063"/>
  <system-out/>
  <testcase classname="Runner.CampaignTagsRunner3_CallMultipleTags_using_or" name="runScenario" time="0.015"/>
  <system-out/>
</testsuite> <!-- Runner.CampaignTagsRunner3_CallMultipleTags_using_or -->
