<?xml version="1.0" encoding="UTF-8"?>
<!-- Generated by org.testng.reporters.JUnitReportReporter -->
<testsuite hostname="Sanju" failures="0" tests="1" name="Runner.DataTableUsingMapRunner" time="0.079" errors="0" timestamp="2024-01-21T13:02:42 IST" skipped="0">
  <testcase classname="Runner.DataTableUsingMapRunner" name="runScenario" time="0.079"/>
  <system-out/>
</testsuite> <!-- Runner.DataTableUsingMapRunner -->
