<?xml version="1.0" encoding="UTF-8"?>
<!-- Generated by org.testng.reporters.JUnitReportReporter -->
<testsuite hostname="Sanju" failures="0" tests="1" name="Runner.Example12_PropertyFile" time="0.073" errors="0" timestamp="2024-01-29T13:40:37 IST" skipped="0">
  <testcase classname="Runner.Example12_PropertyFile" name="runScenario" time="0.073"/>
  <system-out/>
</testsuite> <!-- Runner.Example12_PropertyFile -->
