<?xml version="1.0" encoding="UTF-8"?>
<!-- Generated by org.testng.reporters.JUnitReportReporter -->
<testsuite hostname="Sanju" failures="0" tests="1" name="Runner.RE_MagentoRunnerTest1" time="14.291" errors="0" timestamp="2024-01-30T17:03:23 IST" skipped="0">
  <testcase classname="Runner.RE_MagentoRunnerTest1" name="runScenario" time="14.291"/>
  <system-out/>
</testsuite> <!-- Runner.RE_MagentoRunnerTest1 -->
