<?xml version="1.0" encoding="UTF-8"?>
<!-- Generated by org.testng.reporters.JUnitReportReporter -->
<testsuite hostname="Sanju" failures="0" tests="1" name="Runner.Example11_dryRun" time="0.067" errors="0" timestamp="2024-01-29T13:13:51 IST" skipped="0">
  <testcase classname="Runner.Example11_dryRun" name="runScenario" time="0.067"/>
  <system-out/>
</testsuite> <!-- Runner.Example11_dryRun -->
