<?xml version="1.0" encoding="UTF-8"?>
<!-- Generated by org.testng.reporters.JUnitReportReporter -->
<testsuite hostname="Sanju" failures="0" tests="3" name="Runner.ScenarioOutlineRunner" time="0.092" errors="0" timestamp="2024-01-28T18:20:33 IST" skipped="0">
  <testcase classname="Runner.ScenarioOutlineRunner" name="runScenario" time="0.016"/>
  <system-out/>
  <testcase classname="Runner.ScenarioOutlineRunner" name="runScenario" time="0.015"/>
  <system-out/>
  <testcase classname="Runner.ScenarioOutlineRunner" name="runScenario" time="0.061"/>
  <system-out/>
</testsuite> <!-- Runner.ScenarioOutlineRunner -->
