<?xml version="1.0" encoding="UTF-8"?>
<!-- Generated by org.testng.reporters.JUnitReportReporter -->
<testsuite hostname="Sanju" failures="0" tests="2" name="Runner.CampaignTagsRunner6_CombineHooksWithTag" time="0.084" errors="0" timestamp="2024-01-29T08:45:36 IST" skipped="0">
  <testcase classname="Runner.CampaignTagsRunner6_CombineHooksWithTag" name="runScenario" time="0.066"/>
  <system-out/>
  <testcase classname="Runner.CampaignTagsRunner6_CombineHooksWithTag" name="runScenario" time="0.018"/>
  <system-out/>
</testsuite> <!-- Runner.CampaignTagsRunner6_CombineHooksWithTag -->
