<?xml version="1.0" encoding="UTF-8"?>
<!-- Generated by org.testng.reporters.JUnitReportReporter -->
<testsuite hostname="Sanju" failures="0" tests="1" name="Runner.Example6_DataTable2_UsingMapRunner" time="0.086" errors="0" timestamp="2024-01-29T13:15:34 IST" skipped="0">
  <testcase classname="Runner.Example6_DataTable2_UsingMapRunner" name="runScenario" time="0.086"/>
  <system-out/>
</testsuite> <!-- Runner.Example6_DataTable2_UsingMapRunner -->
