<?xml version="1.0" encoding="UTF-8"?>
<!-- Generated by org.testng.reporters.JUnitReportReporter -->
<testsuite hostname="Sanju" failures="0" tests="1" name="Runner.FacebookRunnerWithoutTD" time="0.048" errors="0" timestamp="2024-01-19T18:09:47 IST" skipped="0">
  <testcase classname="Runner.FacebookRunnerWithoutTD" name="runScenario" time="0.048"/>
  <system-out/>
</testsuite> <!-- Runner.FacebookRunnerWithoutTD -->
