<?xml version="1.0" encoding="UTF-8"?>
<!-- Generated by org.testng.reporters.JUnitReportReporter -->
<testsuite hostname="Sanju" failures="0" tests="29" name="Runner.executionOfMultipleFeatureFiles" time="0.279" errors="0" timestamp="2024-01-29T12:38:48 IST" skipped="0">
  <testcase classname="Runner.executionOfMultipleFeatureFiles" name="runScenario" time="0.012"/>
  <system-out/>
  <testcase classname="Runner.executionOfMultipleFeatureFiles" name="runScenario" time="0.011"/>
  <system-out/>
  <testcase classname="Runner.executionOfMultipleFeatureFiles" name="runScenario" time="0.009"/>
  <system-out/>
  <testcase classname="Runner.executionOfMultipleFeatureFiles" name="runScenario" time="0.007"/>
  <system-out/>
  <testcase classname="Runner.executionOfMultipleFeatureFiles" name="runScenario" time="0.003"/>
  <system-out/>
  <testcase classname="Runner.executionOfMultipleFeatureFiles" name="runScenario" time="0.013"/>
  <system-out/>
  <testcase classname="Runner.executionOfMultipleFeatureFiles" name="runScenario" time="0.005"/>
  <system-out/>
  <testcase classname="Runner.executionOfMultipleFeatureFiles" name="runScenario" time="0.005"/>
  <system-out/>
  <testcase classname="Runner.executionOfMultipleFeatureFiles" name="runScenario" time="0.007"/>
  <system-out/>
  <testcase classname="Runner.executionOfMultipleFeatureFiles" name="runScenario" time="0.006"/>
  <system-out/>
  <testcase classname="Runner.executionOfMultipleFeatureFiles" name="runScenario" time="0.020"/>
  <system-out/>
  <testcase classname="Runner.executionOfMultipleFeatureFiles" name="runScenario" time="0.009"/>
  <system-out/>
  <testcase classname="Runner.executionOfMultipleFeatureFiles" name="runScenario" time="0.005"/>
  <system-out/>
  <testcase classname="Runner.executionOfMultipleFeatureFiles" name="runScenario" time="0.006"/>
  <system-out/>
  <testcase classname="Runner.executionOfMultipleFeatureFiles" name="runScenario" time="0.008"/>
  <system-out/>
  <testcase classname="Runner.executionOfMultipleFeatureFiles" name="runScenario" time="0.013"/>
  <system-out/>
  <testcase classname="Runner.executionOfMultipleFeatureFiles" name="runScenario" time="0.009"/>
  <system-out/>
  <testcase classname="Runner.executionOfMultipleFeatureFiles" name="runScenario" time="0.009"/>
  <system-out/>
  <testcase classname="Runner.executionOfMultipleFeatureFiles" name="runScenario" time="0.008"/>
  <system-out/>
  <testcase classname="Runner.executionOfMultipleFeatureFiles" name="runScenario" time="0.007"/>
  <system-out/>
  <testcase classname="Runner.executionOfMultipleFeatureFiles" name="runScenario" time="0.004"/>
  <system-out/>
  <testcase classname="Runner.executionOfMultipleFeatureFiles" name="runScenario" time="0.009"/>
  <system-out/>
  <testcase classname="Runner.executionOfMultipleFeatureFiles" name="runScenario" time="0.005"/>
  <system-out/>
  <testcase classname="Runner.executionOfMultipleFeatureFiles" name="runScenario" time="0.005"/>
  <system-out/>
  <testcase classname="Runner.executionOfMultipleFeatureFiles" name="runScenario" time="0.005"/>
  <system-out/>
  <testcase classname="Runner.executionOfMultipleFeatureFiles" name="runScenario" time="0.015"/>
  <system-out/>
  <testcase classname="Runner.executionOfMultipleFeatureFiles" name="runScenario" time="0.054"/>
  <system-out/>
  <testcase classname="Runner.executionOfMultipleFeatureFiles" name="runScenario" time="0.005"/>
  <system-out/>
  <testcase classname="Runner.executionOfMultipleFeatureFiles" name="runScenario" time="0.005"/>
  <system-out/>
</testsuite> <!-- Runner.executionOfMultipleFeatureFiles -->
