<?xml version="1.0" encoding="UTF-8"?>
<!-- Generated by org.testng.reporters.JUnitReportReporter -->
<testsuite hostname="Sanju" failures="0" tests="1" name="Runner.DataTableUsingListRunner" time="0.018" errors="0" timestamp="2024-01-29T12:17:40 IST" skipped="0">
  <testcase classname="Runner.DataTableUsingListRunner" name="runScenario" time="0.018"/>
  <system-out/>
</testsuite> <!-- Runner.DataTableUsingListRunner -->
