<?xml version="1.0" encoding="UTF-8"?>
<!-- Generated by org.testng.reporters.JUnitReportReporter -->
<testsuite hostname="Sanju" failures="0" tests="1" name="Runner.CampaignTagsRunner5_tagWithFeatureFile" time="0.065" errors="0" timestamp="2024-01-28T23:06:10 IST" skipped="0">
  <testcase classname="Runner.CampaignTagsRunner5_tagWithFeatureFile" name="runScenario" time="0.065"/>
  <system-out/>
</testsuite> <!-- Runner.CampaignTagsRunner5_tagWithFeatureFile -->
