<?xml version="1.0" encoding="UTF-8"?>
<!-- Generated by org.testng.reporters.JUnitReportReporter -->
<testsuite hostname="Sanju" failures="0" tests="1" name="Runner.Example8_CampaignTagsRunner5_tagWithFeatureFile" time="0.066" errors="0" timestamp="2024-01-29T13:15:46 IST" skipped="0">
  <testcase classname="Runner.Example8_CampaignTagsRunner5_tagWithFeatureFile" name="runScenario" time="0.066"/>
  <system-out/>
</testsuite> <!-- Runner.Example8_CampaignTagsRunner5_tagWithFeatureFile -->
