<?xml version="1.0" encoding="UTF-8"?>
<!-- Generated by org.testng.reporters.JUnitReportReporter -->
<testsuite hostname="Sanju" failures="0" tests="4" name="Runner.ScenarioOutlineWithBackgroundKeywordRunner" time="0.144" errors="0" timestamp="2024-01-20T14:49:03 IST" skipped="0">
  <testcase classname="Runner.ScenarioOutlineWithBackgroundKeywordRunner" name="runScenario" time="0.014"/>
  <system-out/>
  <testcase classname="Runner.ScenarioOutlineWithBackgroundKeywordRunner" name="runScenario" time="0.016"/>
  <system-out/>
  <testcase classname="Runner.ScenarioOutlineWithBackgroundKeywordRunner" name="runScenario" time="0.020"/>
  <system-out/>
  <testcase classname="Runner.ScenarioOutlineWithBackgroundKeywordRunner" name="runScenario" time="0.094"/>
  <system-out/>
</testsuite> <!-- Runner.ScenarioOutlineWithBackgroundKeywordRunner -->
