<?xml version="1.0" encoding="UTF-8"?>
<!-- Generated by org.testng.reporters.JUnitReportReporter -->
<testsuite hostname="Sanju" failures="0" tests="2" name="Runner.Example2_FacebookRunnerWithoutTD1" time="0.068" errors="0" timestamp="2024-01-29T13:15:07 IST" skipped="0">
  <testcase classname="Runner.Example2_FacebookRunnerWithoutTD1" name="runScenario" time="0.010"/>
  <system-out/>
  <testcase classname="Runner.Example2_FacebookRunnerWithoutTD1" name="runScenario" time="0.058"/>
  <system-out/>
</testsuite> <!-- Runner.Example2_FacebookRunnerWithoutTD1 -->
