<?xml version="1.0" encoding="UTF-8"?>
<!-- Generated by org.testng.reporters.JUnitReportReporter -->
<testsuite hostname="Sanju" failures="0" tests="1" name="Runner.Example2_FacebookRunnerWithoutTD" time="0.061" errors="0" timestamp="2024-01-29T12:53:30 IST" skipped="0">
  <testcase classname="Runner.Example2_FacebookRunnerWithoutTD" name="runScenario" time="0.061"/>
  <system-out/>
</testsuite> <!-- Runner.Example2_FacebookRunnerWithoutTD -->
