<?xml version="1.0" encoding="UTF-8"?>
<!-- Generated by org.testng.reporters.JUnitReportReporter -->
<testsuite hostname="Sanju" failures="0" tests="2" name="Runner.FacebookRunnerWithoutTD1" time="0.044" errors="0" timestamp="2024-01-19T18:26:01 IST" skipped="0">
  <testcase classname="Runner.FacebookRunnerWithoutTD1" name="runScenario" time="0.004"/>
  <system-out/>
  <testcase classname="Runner.FacebookRunnerWithoutTD1" name="runScenario" time="0.040"/>
  <system-out/>
</testsuite> <!-- Runner.FacebookRunnerWithoutTD1 -->
