<?xml version="1.0" encoding="UTF-8"?>
<!-- Generated by org.testng.reporters.JUnitReportReporter -->
<testsuite hostname="Sanju" failures="0" tests="1" name="Runner.Example7_Hooks_Runner" time="0.057" errors="0" timestamp="2024-01-29T13:00:27 IST" skipped="0">
  <testcase classname="Runner.Example7_Hooks_Runner" name="runScenario" time="0.057"/>
  <system-out/>
</testsuite> <!-- Runner.Example7_Hooks_Runner -->
