<?xml version="1.0" encoding="UTF-8"?>
<!-- Generated by org.testng.reporters.JUnitReportReporter -->
<testsuite hostname="Sanju" failures="0" tests="3" name="Runner.RE1_HomePageRunner" time="22.496" errors="0" timestamp="2024-12-23T21:10:16 IST" skipped="0">
  <testcase classname="Runner.RE1_HomePageRunner" name="runScenario" time="9.889"/>
  <system-out/>
  <testcase classname="Runner.RE1_HomePageRunner" name="runScenario" time="7.693"/>
  <system-out/>
  <testcase classname="Runner.RE1_HomePageRunner" name="runScenario" time="4.914"/>
  <system-out/>
</testsuite> <!-- Runner.RE1_HomePageRunner -->
