<?xml version="1.0" encoding="UTF-8"?>
<!-- Generated by org.testng.reporters.JUnitReportReporter -->
<testsuite hostname="Sanju" failures="0" tests="1" name="Runner.CampaignTagsRunner1" time="0.013" errors="0" timestamp="2024-01-29T12:17:40 IST" skipped="0">
  <testcase classname="Runner.CampaignTagsRunner1" name="runScenario" time="0.013"/>
  <system-out/>
</testsuite> <!-- Runner.CampaignTagsRunner1 -->
