<?xml version="1.0" encoding="UTF-8"?>
<!-- Generated by org.testng.reporters.JUnitReportReporter -->
<testsuite hostname="Sanju" failures="0" tests="1" name="Runner.FacebookRunnerWithTD" time="0.053" errors="0" timestamp="2024-01-19T22:05:07 IST" skipped="0">
  <testcase classname="Runner.FacebookRunnerWithTD" name="runScenario" time="0.053"/>
  <system-out/>
</testsuite> <!-- Runner.FacebookRunnerWithTD -->
