<?xml version="1.0" encoding="UTF-8"?>
<!-- Generated by org.testng.reporters.JUnitReportReporter -->
<testsuite hostname="Sanju" failures="0" tests="1" name="Runner.RE_MagentoFailedRunnerTest" time="18.152" errors="0" timestamp="2024-01-30T14:33:28 IST" skipped="0">
  <testcase classname="Runner.RE_MagentoFailedRunnerTest" name="runScenario" time="18.152"/>
</testsuite> <!-- Runner.RE_MagentoFailedRunnerTest -->
