<?xml version="1.0" encoding="UTF-8"?>
<!-- Generated by org.testng.reporters.JUnitReportReporter -->
<testsuite hostname="Sanju" failures="0" tests="1" name="Runner.RE_MagentoRunnerTest1" time="19.194" errors="0" timestamp="2024-01-30T16:18:39 IST" skipped="0">
  <testcase classname="Runner.RE_MagentoRunnerTest1" name="runScenario" time="19.194"/>
</testsuite> <!-- Runner.RE_MagentoRunnerTest1 -->
